# JRE version: Java(TM) SE Runtime Environment (8.0_45-b15) (build 1.8.0_45-b15)
# Java VM: Java HotSpot(TM) 64-Bit Server VM (25.45-b02 mixed mode windows-amd64 compressed oops)
Heap:
 PSYoungGen      total 140800K, used 78269K [0x00000000d5e00000, 0x00000000e4280000, 0x0000000100000000)
  eden space 131584K, 52% used [0x00000000d5e00000,0x00000000da175ad8,0x00000000dde80000)
  from space 9216K, 99% used [0x00000000dde80000,0x00000000de779a18,0x00000000de780000)
  to   space 11776K, 95% used [0x00000000e3700000,0x00000000e41f50a0,0x00000000e4280000)
 ParOldGen       total 47616K, used 7820K [0x0000000081a00000, 0x0000000084880000, 0x00000000d5e00000)
  object space 47616K, 16% used [0x0000000081a00000,0x00000000821a33e0,0x0000000084880000)
 Metaspace       used 33064K, capacity 35350K, committed 35416K, reserved 1079296K
  class space    used 4322K, capacity 4713K, committed 4736K, reserved 1048576K
GC Heap History (10 events):
Event: 2.517 GC heap after
Heap after GC invocations=4 (full 0):
 PSYoungGen      total 71680K, used 5095K [0x00000000d5e00000, 0x00000000da900000, 0x0000000100000000)
  eden space 66560K, 0% used [0x00000000d5e00000,0x00000000d5e00000,0x00000000d9f00000)
  from space 5120K, 99% used [0x00000000da400000,0x00000000da8f9d90,0x00000000da900000)
  to   space 5120K, 0% used [0x00000000d9f00000,0x00000000d9f00000,0x00000000da400000)
 ParOldGen       total 87552K, used 5027K [0x0000000081a00000, 0x0000000086f80000, 0x00000000d5e00000)
  object space 87552K, 5% used [0x0000000081a00000,0x0000000081ee8f58,0x0000000086f80000)
 Metaspace       used 19912K, capacity 20888K, committed 21248K, reserved 1067008K
  class space    used 2487K, capacity 2706K, committed 2816K, reserved 1048576K
}
Event: 2.542 GC heap before
{Heap before GC invocations=5 (full 0):
 PSYoungGen      total 71680K, used 9147K [0x00000000d5e00000, 0x00000000da900000, 0x0000000100000000)
  eden space 66560K, 6% used [0x00000000d5e00000,0x00000000d61f50d8,0x00000000d9f00000)
  from space 5120K, 99% used [0x00000000da400000,0x00000000da8f9d90,0x00000000da900000)
  to   space 5120K, 0% used [0x00000000d9f00000,0x00000000d9f00000,0x00000000da400000)
 ParOldGen       total 87552K, used 5027K [0x0000000081a00000, 0x0000000086f80000, 0x00000000d5e00000)
  object space 87552K, 5% used [0x0000000081a00000,0x0000000081ee8f58,0x0000000086f80000)
 Metaspace       used 20190K, capacity 21130K, committed 21248K, reserved 1067008K
  class space    used 2521K, capacity 2741K, committed 2816K, reserved 1048576K
Event: 2.553 GC heap after
Heap after GC invocations=5 (full 0):
 PSYoungGen      total 71680K, used 5104K [0x00000000d5e00000, 0x00000000df200000, 0x0000000100000000)
  eden space 66560K, 0% used [0x00000000d5e00000,0x00000000d5e00000,0x00000000d9f00000)
  from space 5120K, 99% used [0x00000000d9f00000,0x00000000da3fc3a8,0x00000000da400000)
  to   space 9216K, 0% used [0x00000000de900000,0x00000000de900000,0x00000000df200000)
 ParOldGen       total 87552K, used 5222K [0x0000000081a00000, 0x0000000086f80000, 0x00000000d5e00000)
  object space 87552K, 5% used [0x0000000081a00000,0x0000000081f19b20,0x0000000086f80000)
 Metaspace       used 20190K, capacity 21130K, committed 21248K, reserved 1067008K
  class space    used 2521K, capacity 2741K, committed 2816K, reserved 1048576K
}
Event: 2.553 GC heap before
{Heap before GC invocations=6 (full 1):
 PSYoungGen      total 71680K, used 5104K [0x00000000d5e00000, 0x00000000df200000, 0x0000000100000000)
  eden space 66560K, 0% used [0x00000000d5e00000,0x00000000d5e00000,0x00000000d9f00000)
  from space 5120K, 99% used [0x00000000d9f00000,0x00000000da3fc3a8,0x00000000da400000)
  to   space 9216K, 0% used [0x00000000de900000,0x00000000de900000,0x00000000df200000)
 ParOldGen       total 87552K, used 5222K [0x0000000081a00000, 0x0000000086f80000, 0x00000000d5e00000)
  object space 87552K, 5% used [0x0000000081a00000,0x0000000081f19b20,0x0000000086f80000)
 Metaspace       used 20190K, capacity 21130K, committed 21248K, reserved 1067008K
  class space    used 2521K, capacity 2741K, committed 2816K, reserved 1048576K
Event: 2.598 GC heap after
Heap after GC invocations=6 (full 1):
 PSYoungGen      total 71680K, used 0K [0x00000000d5e00000, 0x00000000df200000, 0x0000000100000000)
  eden space 66560K, 0% used [0x00000000d5e00000,0x00000000d5e00000,0x00000000d9f00000)
  from space 5120K, 0% used [0x00000000d9f00000,0x00000000d9f00000,0x00000000da400000)
  to   space 9216K, 0% used [0x00000000de900000,0x00000000de900000,0x00000000df200000)
 ParOldGen       total 47616K, used 5213K [0x0000000081a00000, 0x0000000084880000, 0x00000000d5e00000)
  object space 47616K, 10% used [0x0000000081a00000,0x0000000081f174c0,0x0000000084880000)
 Metaspace       used 20190K, capacity 21130K, committed 21248K, reserved 1067008K
  class space    used 2521K, capacity 2741K, committed 2816K, reserved 1048576K
}
Event: 3.520 GC heap before
{Heap before GC invocations=7 (full 1):
 PSYoungGen      total 71680K, used 66560K [0x00000000d5e00000, 0x00000000df200000, 0x0000000100000000)
  eden space 66560K, 100% used [0x00000000d5e00000,0x00000000d9f00000,0x00000000d9f00000)
  from space 5120K, 0% used [0x00000000d9f00000,0x00000000d9f00000,0x00000000da400000)
  to   space 9216K, 0% used [0x00000000de900000,0x00000000de900000,0x00000000df200000)
 ParOldGen       total 47616K, used 5213K [0x0000000081a00000, 0x0000000084880000, 0x00000000d5e00000)
  object space 47616K, 10% used [0x0000000081a00000,0x0000000081f174c0,0x0000000084880000)
 Metaspace       used 24128K, capacity 25428K, committed 25728K, reserved 1071104K
  class space    used 3086K, capacity 3346K, committed 3456K, reserved 1048576K
Event: 3.532 GC heap after
Heap after GC invocations=7 (full 1):
 PSYoungGen      total 127488K, used 7355K [0x00000000d5e00000, 0x00000000df080000, 0x0000000100000000)
  eden space 119808K, 0% used [0x00000000d5e00000,0x00000000d5e00000,0x00000000dd300000)
  from space 7680K, 95% used [0x00000000de900000,0x00000000df02ee18,0x00000000df080000)
  to   space 9216K, 0% used [0x00000000dde80000,0x00000000dde80000,0x00000000de780000)
 ParOldGen       total 47616K, used 5221K [0x0000000081a00000, 0x0000000084880000, 0x00000000d5e00000)
  object space 47616K, 10% used [0x0000000081a00000,0x0000000081f194c0,0x0000000084880000)
 Metaspace       used 24128K, capacity 25428K, committed 25728K, reserved 1071104K
  class space    used 3086K, capacity 3346K, committed 3456K, reserved 1048576K
}
Event: 5.201 GC heap before
{Heap before GC invocations=8 (full 1):
 PSYoungGen      total 127488K, used 127163K [0x00000000d5e00000, 0x00000000df080000, 0x0000000100000000)
  eden space 119808K, 100% used [0x00000000d5e00000,0x00000000dd300000,0x00000000dd300000)
  from space 7680K, 95% used [0x00000000de900000,0x00000000df02ee18,0x00000000df080000)
  to   space 9216K, 0% used [0x00000000dde80000,0x00000000dde80000,0x00000000de780000)
 ParOldGen       total 47616K, used 5221K [0x0000000081a00000, 0x0000000084880000, 0x00000000d5e00000)
  object space 47616K, 10% used [0x0000000081a00000,0x0000000081f194c0,0x0000000084880000)
 Metaspace       used 29188K, capacity 31268K, committed 31360K, reserved 1077248K
  class space    used 3794K, capacity 4176K, committed 4224K, reserved 1048576K
Event: 5.221 GC heap after
Heap after GC invocations=8 (full 1):
 PSYoungGen      total 140800K, used 9190K [0x00000000d5e00000, 0x00000000e4280000, 0x0000000100000000)
  eden space 131584K, 0% used [0x00000000d5e00000,0x00000000d5e00000,0x00000000dde80000)
  from space 9216K, 99% used [0x00000000dde80000,0x00000000de779a18,0x00000000de780000)
  to   space 11776K, 0% used [0x00000000e3700000,0x00000000e3700000,0x00000000e4280000)
 ParOldGen       total 47616K, used 7812K [0x0000000081a00000, 0x0000000084880000, 0x00000000d5e00000)
  object space 47616K, 16% used [0x0000000081a00000,0x00000000821a13e0,0x0000000084880000)
 Metaspace       used 29188K, capacity 31268K, committed 31360K, reserved 1077248K
  class space    used 3794K, capacity 4176K, committed 4224K, reserved 1048576K
}
Event: 8.315 GC heap before
{Heap before GC invocations=9 (full 1):
 PSYoungGen      total 140800K, used 78269K [0x00000000d5e00000, 0x00000000e4280000, 0x0000000100000000)
  eden space 131584K, 52% used [0x00000000d5e00000,0x00000000da175ad8,0x00000000dde80000)
  from space 9216K, 99% used [0x00000000dde80000,0x00000000de779a18,0x00000000de780000)
  to   space 11776K, 0% used [0x00000000e3700000,0x00000000e3700000,0x00000000e4280000)
 ParOldGen       total 47616K, used 7812K [0x0000000081a00000, 0x0000000084880000, 0x00000000d5e00000)
  object space 47616K, 16% used [0x0000000081a00000,0x00000000821a13e0,0x0000000084880000)
 Metaspace       used 33064K, capacity 35350K, committed 35416K, reserved 1079296K
  class space    used 4322K, capacity 4713K, committed 4736K, reserved 1048576K

